<?xml version="1.0" encoding="UTF-8"?>
<testsuite name="GameRunnerShould" tests="1" skipped="0" failures="0" errors="0" timestamp="2019-07-24T14:14:52" hostname="Damians-MacBook-Pro.local" time="0.439">
  <properties/>
  <testcase name="golden_master" classname="GameRunnerShould" time="0.439"/>
  <system-out><![CDATA[]]></system-out>
  <system-err><![CDATA[]]></system-err>
</testsuite>
