<?xml version="1.0" encoding="UTF-8"?>
<testsuite name="GameRunnerShould" tests="1" skipped="0" failures="1" errors="0" timestamp="2019-07-24T13:05:24" hostname="Damians-MacBook-Pro.local" time="0.111">
  <properties/>
  <testcase name="golden_master" classname="GameRunnerShould" time="0.111">
    <failure message="org.junit.ComparisonFailure: expected:&lt;...n 1&#10;Answer was corre[nt!!!!&#10;Pat now has 1 Gold Coins.&#10;Sue is the current player&#10;They have rolled a 1&#10;Sue's new location is 1&#10;The category is Science&#10;Science Question 2&#10;Answer was corrent!!!!&#10;Sue now has 1 Gold Coins.&#10;Chet is the current player&#10;They have rolled a 2&#10;Chet is not getting out of the penalty box&#10;Pat is the current player&#10;They have rolled a 5&#10;Pat's new location is 10&#10;The category is Sports&#10;Sports Question 0&#10;Answer was corrent!!!!&#10;Pat now has 2 Gold Coins.&#10;Sue is the current player&#10;They have rolled a 3&#10;Sue's new location is 4&#10;The category is Pop&#10;Pop Question 0&#10;Answer was corrent!!!!&#10;Sue now has 2 Gold Coins.&#10;Chet is the current player&#10;They have rolled a 4&#10;Chet is not getting out of the penalty box&#10;Pat is the current player&#10;They have rolled a 1&#10;Pat's new location is 11&#10;The category is Rock&#10;Rock Question 0&#10;Answer was corrent!!!!&#10;Pat now has 3 Gold Coins.&#10;Sue is the current player&#10;They have rolled a 5&#10;Sue's new location is 9&#10;The category is Science&#10;Science Question 3&#10;Answer was corrent!!!!&#10;Sue now has 3 Gold Coins.&#10;Chet is the current player&#10;They have rolled a 2&#10;Chet is not getting out of the penalty box&#10;Pat is the current player&#10;They have rolled a 4&#10;Pat's new location is 3&#10;The category is Rock&#10;Rock Question 1&#10;Answer was corrent!!!!&#10;Pat now has 4 Gold Coins.&#10;Sue is the current player&#10;They have rolled a 5&#10;Sue's new location is 2&#10;The category is Sports&#10;Sports Question 1&#10;Answer was corrent!!!!&#10;Sue now has 4 Gold Coins.&#10;Chet is the current player&#10;They have rolled a 3&#10;Chet is getting out of the penalty box&#10;Chet's new location is 4&#10;The category is Pop&#10;Pop Question 1&#10;Answer was correct!!!!&#10;Chet now has 1 Gold Coins.&#10;Pat is the current player&#10;They have rolled a 4&#10;Pat's new location is 7&#10;The category is Rock&#10;Rock Question 2&#10;Question was incorrectly answered&#10;Pat was sent to the penalty box&#10;Sue is the current player&#10;They have rolled a 3&#10;Sue's new location is 5&#10;The category is Science&#10;Science Question 4&#10;Answer was corrent!!!!&#10;Sue now has 5 Gold Coins.&#10;Chet is the current player&#10;They have rolled a 1&#10;Chet is getting out of the penalty box&#10;Chet's new location is 5&#10;The category is Science&#10;Science Question 5&#10;Answer was correct!!!!&#10;Chet now has 2 Gold Coins.&#10;Pat is the current player&#10;They have rolled a 3&#10;Pat is getting out of the penalty box&#10;Pat's new location is 10&#10;The category is Sports&#10;Sports Question 2&#10;Answer was correct!!!!&#10;Pat now has 5 Gold Coins.&#10;Sue is the current player&#10;They have rolled a 3&#10;Sue's new location is 8&#10;The category is Pop&#10;Pop Question 2&#10;Answer was corren]t!!!!&#10;Sue now has 6 ...&gt; but was:&lt;...n 1&#10;Answer was corre[ct!!!!&#10;Pat now has 1 Gold Coins.&#10;Sue is the current player&#10;They have rolled a 1&#10;Sue's new location is 1&#10;The category is Science&#10;Science Question 2&#10;Answer was correct!!!!&#10;Sue now has 1 Gold Coins.&#10;Chet is the current player&#10;They have rolled a 2&#10;Chet is not getting out of the penalty box&#10;Pat is the current player&#10;They have rolled a 5&#10;Pat's new location is 10&#10;The category is Sports&#10;Sports Question 0&#10;Answer was correct!!!!&#10;Pat now has 2 Gold Coins.&#10;Sue is the current player&#10;They have rolled a 3&#10;Sue's new location is 4&#10;The category is Pop&#10;Pop Question 0&#10;Answer was correct!!!!&#10;Sue now has 2 Gold Coins.&#10;Chet is the current player&#10;They have rolled a 4&#10;Chet is not getting out of the penalty box&#10;Pat is the current player&#10;They have rolled a 1&#10;Pat's new location is 11&#10;The category is Rock&#10;Rock Question 0&#10;Answer was correct!!!!&#10;Pat now has 3 Gold Coins.&#10;Sue is the current player&#10;They have rolled a 5&#10;Sue's new location is 9&#10;The category is Science&#10;Science Question 3&#10;Answer was correct!!!!&#10;Sue now has 3 Gold Coins.&#10;Chet is the current player&#10;They have rolled a 2&#10;Chet is not getting out of the penalty box&#10;Pat is the current player&#10;They have rolled a 4&#10;Pat's new location is 3&#10;The category is Rock&#10;Rock Question 1&#10;Answer was correct!!!!&#10;Pat now has 4 Gold Coins.&#10;Sue is the current player&#10;They have rolled a 5&#10;Sue's new location is 2&#10;The category is Sports&#10;Sports Question 1&#10;Answer was correct!!!!&#10;Sue now has 4 Gold Coins.&#10;Chet is the current player&#10;They have rolled a 3&#10;Chet is getting out of the penalty box&#10;Chet's new location is 4&#10;The category is Pop&#10;Pop Question 1&#10;Answer was correct!!!!&#10;Chet now has 1 Gold Coins.&#10;Pat is the current player&#10;They have rolled a 4&#10;Pat's new location is 7&#10;The category is Rock&#10;Rock Question 2&#10;Question was incorrectly answered&#10;Pat was sent to the penalty box&#10;Sue is the current player&#10;They have rolled a 3&#10;Sue's new location is 5&#10;The category is Science&#10;Science Question 4&#10;Answer was correct!!!!&#10;Sue now has 5 Gold Coins.&#10;Chet is the current player&#10;They have rolled a 1&#10;Chet is getting out of the penalty box&#10;Chet's new location is 5&#10;The category is Science&#10;Science Question 5&#10;Answer was correct!!!!&#10;Chet now has 2 Gold Coins.&#10;Pat is the current player&#10;They have rolled a 3&#10;Pat is getting out of the penalty box&#10;Pat's new location is 10&#10;The category is Sports&#10;Sports Question 2&#10;Answer was correct!!!!&#10;Pat now has 5 Gold Coins.&#10;Sue is the current player&#10;They have rolled a 3&#10;Sue's new location is 8&#10;The category is Pop&#10;Pop Question 2&#10;Answer was correc]t!!!!&#10;Sue now has 6 ...&gt;" type="org.junit.ComparisonFailure">org.junit.ComparisonFailure: expected:&lt;...n 1
Answer was corre[nt!!!!
Pat now has 1 Gold Coins.
Sue is the current player
They have rolled a 1
Sue's new location is 1
The category is Science
Science Question 2
Answer was corrent!!!!
Sue now has 1 Gold Coins.
Chet is the current player
They have rolled a 2
Chet is not getting out of the penalty box
Pat is the current player
They have rolled a 5
Pat's new location is 10
The category is Sports
Sports Question 0
Answer was corrent!!!!
Pat now has 2 Gold Coins.
Sue is the current player
They have rolled a 3
Sue's new location is 4
The category is Pop
Pop Question 0
Answer was corrent!!!!
Sue now has 2 Gold Coins.
Chet is the current player
They have rolled a 4
Chet is not getting out of the penalty box
Pat is the current player
They have rolled a 1
Pat's new location is 11
The category is Rock
Rock Question 0
Answer was corrent!!!!
Pat now has 3 Gold Coins.
Sue is the current player
They have rolled a 5
Sue's new location is 9
The category is Science
Science Question 3
Answer was corrent!!!!
Sue now has 3 Gold Coins.
Chet is the current player
They have rolled a 2
Chet is not getting out of the penalty box
Pat is the current player
They have rolled a 4
Pat's new location is 3
The category is Rock
Rock Question 1
Answer was corrent!!!!
Pat now has 4 Gold Coins.
Sue is the current player
They have rolled a 5
Sue's new location is 2
The category is Sports
Sports Question 1
Answer was corrent!!!!
Sue now has 4 Gold Coins.
Chet is the current player
They have rolled a 3
Chet is getting out of the penalty box
Chet's new location is 4
The category is Pop
Pop Question 1
Answer was correct!!!!
Chet now has 1 Gold Coins.
Pat is the current player
They have rolled a 4
Pat's new location is 7
The category is Rock
Rock Question 2
Question was incorrectly answered
Pat was sent to the penalty box
Sue is the current player
They have rolled a 3
Sue's new location is 5
The category is Science
Science Question 4
Answer was corrent!!!!
Sue now has 5 Gold Coins.
Chet is the current player
They have rolled a 1
Chet is getting out of the penalty box
Chet's new location is 5
The category is Science
Science Question 5
Answer was correct!!!!
Chet now has 2 Gold Coins.
Pat is the current player
They have rolled a 3
Pat is getting out of the penalty box
Pat's new location is 10
The category is Sports
Sports Question 2
Answer was correct!!!!
Pat now has 5 Gold Coins.
Sue is the current player
They have rolled a 3
Sue's new location is 8
The category is Pop
Pop Question 2
Answer was corren]t!!!!
Sue now has 6 ...&gt; but was:&lt;...n 1
Answer was corre[ct!!!!
Pat now has 1 Gold Coins.
Sue is the current player
They have rolled a 1
Sue's new location is 1
The category is Science
Science Question 2
Answer was correct!!!!
Sue now has 1 Gold Coins.
Chet is the current player
They have rolled a 2
Chet is not getting out of the penalty box
Pat is the current player
They have rolled a 5
Pat's new location is 10
The category is Sports
Sports Question 0
Answer was correct!!!!
Pat now has 2 Gold Coins.
Sue is the current player
They have rolled a 3
Sue's new location is 4
The category is Pop
Pop Question 0
Answer was correct!!!!
Sue now has 2 Gold Coins.
Chet is the current player
They have rolled a 4
Chet is not getting out of the penalty box
Pat is the current player
They have rolled a 1
Pat's new location is 11
The category is Rock
Rock Question 0
Answer was correct!!!!
Pat now has 3 Gold Coins.
Sue is the current player
They have rolled a 5
Sue's new location is 9
The category is Science
Science Question 3
Answer was correct!!!!
Sue now has 3 Gold Coins.
Chet is the current player
They have rolled a 2
Chet is not getting out of the penalty box
Pat is the current player
They have rolled a 4
Pat's new location is 3
The category is Rock
Rock Question 1
Answer was correct!!!!
Pat now has 4 Gold Coins.
Sue is the current player
They have rolled a 5
Sue's new location is 2
The category is Sports
Sports Question 1
Answer was correct!!!!
Sue now has 4 Gold Coins.
Chet is the current player
They have rolled a 3
Chet is getting out of the penalty box
Chet's new location is 4
The category is Pop
Pop Question 1
Answer was correct!!!!
Chet now has 1 Gold Coins.
Pat is the current player
They have rolled a 4
Pat's new location is 7
The category is Rock
Rock Question 2
Question was incorrectly answered
Pat was sent to the penalty box
Sue is the current player
They have rolled a 3
Sue's new location is 5
The category is Science
Science Question 4
Answer was correct!!!!
Sue now has 5 Gold Coins.
Chet is the current player
They have rolled a 1
Chet is getting out of the penalty box
Chet's new location is 5
The category is Science
Science Question 5
Answer was correct!!!!
Chet now has 2 Gold Coins.
Pat is the current player
They have rolled a 3
Pat is getting out of the penalty box
Pat's new location is 10
The category is Sports
Sports Question 2
Answer was correct!!!!
Pat now has 5 Gold Coins.
Sue is the current player
They have rolled a 3
Sue's new location is 8
The category is Pop
Pop Question 2
Answer was correc]t!!!!
Sue now has 6 ...&gt;
	at java.base/jdk.internal.reflect.NativeConstructorAccessorImpl.newInstance0(Native Method)
	at java.base/jdk.internal.reflect.NativeConstructorAccessorImpl.newInstance(NativeConstructorAccessorImpl.java:62)
	at java.base/jdk.internal.reflect.DelegatingConstructorAccessorImpl.newInstance(DelegatingConstructorAccessorImpl.java:45)
	at java.base/java.lang.reflect.Constructor.newInstanceWithCaller(Constructor.java:500)
	at GameRunnerShould.golden_master(GameRunnerShould.java:30)
	at java.base/jdk.internal.reflect.NativeMethodAccessorImpl.invoke0(Native Method)
	at java.base/jdk.internal.reflect.NativeMethodAccessorImpl.invoke(NativeMethodAccessorImpl.java:62)
	at java.base/jdk.internal.reflect.DelegatingMethodAccessorImpl.invoke(DelegatingMethodAccessorImpl.java:43)
	at java.base/java.lang.reflect.Method.invoke(Method.java:567)
	at org.junit.runners.model.FrameworkMethod$1.runReflectiveCall(FrameworkMethod.java:50)
	at org.junit.internal.runners.model.ReflectiveCallable.run(ReflectiveCallable.java:12)
	at org.junit.runners.model.FrameworkMethod.invokeExplosively(FrameworkMethod.java:47)
	at org.junit.internal.runners.statements.InvokeMethod.evaluate(InvokeMethod.java:17)
	at org.junit.runners.ParentRunner.runLeaf(ParentRunner.java:325)
	at org.junit.runners.BlockJUnit4ClassRunner.runChild(BlockJUnit4ClassRunner.java:78)
	at org.junit.runners.BlockJUnit4ClassRunner.runChild(BlockJUnit4ClassRunner.java:57)
	at org.junit.runners.ParentRunner$3.run(ParentRunner.java:290)
	at org.junit.runners.ParentRunner$1.schedule(ParentRunner.java:71)
	at org.junit.runners.ParentRunner.runChildren(ParentRunner.java:288)
	at org.junit.runners.ParentRunner.access$000(ParentRunner.java:58)
	at org.junit.runners.ParentRunner$2.evaluate(ParentRunner.java:268)
	at org.junit.runners.ParentRunner.run(ParentRunner.java:363)
	at org.gradle.api.internal.tasks.testing.junit.JUnitTestClassExecutor.runTestClass(JUnitTestClassExecutor.java:106)
	at org.gradle.api.internal.tasks.testing.junit.JUnitTestClassExecutor.execute(JUnitTestClassExecutor.java:58)
	at org.gradle.api.internal.tasks.testing.junit.JUnitTestClassExecutor.execute(JUnitTestClassExecutor.java:38)
	at org.gradle.api.internal.tasks.testing.junit.AbstractJUnitTestClassProcessor.processTestClass(AbstractJUnitTestClassProcessor.java:66)
	at org.gradle.api.internal.tasks.testing.SuiteTestClassProcessor.processTestClass(SuiteTestClassProcessor.java:51)
	at java.base/jdk.internal.reflect.NativeMethodAccessorImpl.invoke0(Native Method)
	at java.base/jdk.internal.reflect.NativeMethodAccessorImpl.invoke(NativeMethodAccessorImpl.java:62)
	at java.base/jdk.internal.reflect.DelegatingMethodAccessorImpl.invoke(DelegatingMethodAccessorImpl.java:43)
	at java.base/java.lang.reflect.Method.invoke(Method.java:567)
	at org.gradle.internal.dispatch.ReflectionDispatch.dispatch(ReflectionDispatch.java:35)
	at org.gradle.internal.dispatch.ReflectionDispatch.dispatch(ReflectionDispatch.java:24)
	at org.gradle.internal.dispatch.ContextClassLoaderDispatch.dispatch(ContextClassLoaderDispatch.java:32)
	at org.gradle.internal.dispatch.ProxyDispatchAdapter$DispatchingInvocationHandler.invoke(ProxyDispatchAdapter.java:93)
	at com.sun.proxy.$Proxy2.processTestClass(Unknown Source)
	at org.gradle.api.internal.tasks.testing.worker.TestWorker.processTestClass(TestWorker.java:117)
	at java.base/jdk.internal.reflect.NativeMethodAccessorImpl.invoke0(Native Method)
	at java.base/jdk.internal.reflect.NativeMethodAccessorImpl.invoke(NativeMethodAccessorImpl.java:62)
	at java.base/jdk.internal.reflect.DelegatingMethodAccessorImpl.invoke(DelegatingMethodAccessorImpl.java:43)
	at java.base/java.lang.reflect.Method.invoke(Method.java:567)
	at org.gradle.internal.dispatch.ReflectionDispatch.dispatch(ReflectionDispatch.java:35)
	at org.gradle.internal.dispatch.ReflectionDispatch.dispatch(ReflectionDispatch.java:24)
	at org.gradle.internal.remote.internal.hub.MessageHubBackedObjectConnection$DispatchWrapper.dispatch(MessageHubBackedObjectConnection.java:155)
	at org.gradle.internal.remote.internal.hub.MessageHubBackedObjectConnection$DispatchWrapper.dispatch(MessageHubBackedObjectConnection.java:137)
	at org.gradle.internal.remote.internal.hub.MessageHub$Handler.run(MessageHub.java:404)
	at org.gradle.internal.concurrent.ExecutorPolicy$CatchAndRecordFailures.onExecute(ExecutorPolicy.java:63)
	at org.gradle.internal.concurrent.ManagedExecutorImpl$1.run(ManagedExecutorImpl.java:46)
	at java.base/java.util.concurrent.ThreadPoolExecutor.runWorker(ThreadPoolExecutor.java:1128)
	at java.base/java.util.concurrent.ThreadPoolExecutor$Worker.run(ThreadPoolExecutor.java:628)
	at org.gradle.internal.concurrent.ThreadFactoryImpl$ManagedThreadRunnable.run(ThreadFactoryImpl.java:55)
	at java.base/java.lang.Thread.run(Thread.java:835)
</failure>
  </testcase>
  <system-out><![CDATA[]]></system-out>
  <system-err><![CDATA[]]></system-err>
</testsuite>
